1729379091.191165 client started (17734): version 3.4, socket /private/tmp/tmux-502/default, protocol 8
1729379091.191214 on Darwin 24.0.0 Darwin Kernel Version 24.0.0: Mon Aug 12 20:51:54 PDT 2024; root:xnu-11215.1.10~2/RELEASE_ARM64_T6000
1729379091.191221 using libevent 2.1.12-stable select
1729379091.191665 using utf8proc 2.9.0
1729379091.191678 using ncurses 6.5 20240427
1729379091.191698 flags are 0x10010000
1729379091.191705 socket is /private/tmp/tmux-502/default
1729379091.191714 trying connect
1729379091.191754 add peer 0x140008000: 6 (0x0)
1729379091.200156 sending message 100 to peer 0x140008000 (4 bytes)
1729379091.200170 sending message 111 to peer 0x140008000 (8 bytes)
1729379091.200175 sending message 101 to peer 0x140008000 (15 bytes)
1729379091.200179 sending message 109 to peer 0x140008000 (4 bytes)
1729379091.200182 sending message 102 to peer 0x140008000 (13 bytes)
1729379091.200185 sending message 108 to peer 0x140008000 (26 bytes)
1729379091.200188 sending message 112 to peer 0x140008000 (58 bytes)
1729379091.200194 sending message 112 to peer 0x140008000 (5 bytes)
1729379091.200198 sending message 112 to peer 0x140008000 (5 bytes)
1729379091.200201 sending message 112 to peer 0x140008000 (6 bytes)
1729379091.200204 sending message 112 to peer 0x140008000 (6 bytes)
1729379091.200207 sending message 112 to peer 0x140008000 (11 bytes)
1729379091.200210 sending message 112 to peer 0x140008000 (10 bytes)
1729379091.200213 sending message 112 to peer 0x140008000 (13 bytes)
1729379091.200215 sending message 112 to peer 0x140008000 (14 bytes)
1729379091.200218 sending message 112 to peer 0x140008000 (19 bytes)
1729379091.200221 sending message 112 to peer 0x140008000 (11 bytes)
1729379091.200224 sending message 112 to peer 0x140008000 (10 bytes)
1729379091.200227 sending message 112 to peer 0x140008000 (15 bytes)
1729379091.200230 sending message 112 to peer 0x140008000 (21 bytes)
1729379091.200233 sending message 112 to peer 0x140008000 (13 bytes)
1729379091.200236 sending message 112 to peer 0x140008000 (7 bytes)
1729379091.200239 sending message 112 to peer 0x140008000 (13 bytes)
1729379091.200242 sending message 112 to peer 0x140008000 (7 bytes)
1729379091.200245 sending message 112 to peer 0x140008000 (13 bytes)
1729379091.200248 sending message 112 to peer 0x140008000 (9 bytes)
1729379091.200251 sending message 112 to peer 0x140008000 (21 bytes)
1729379091.200254 sending message 112 to peer 0x140008000 (13 bytes)
1729379091.200257 sending message 112 to peer 0x140008000 (9 bytes)
1729379091.200260 sending message 112 to peer 0x140008000 (16 bytes)
1729379091.200262 sending message 112 to peer 0x140008000 (13 bytes)
1729379091.200265 sending message 112 to peer 0x140008000 (9 bytes)
1729379091.200268 sending message 112 to peer 0x140008000 (9 bytes)
1729379091.200271 sending message 112 to peer 0x140008000 (12 bytes)
1729379091.200274 sending message 112 to peer 0x140008000 (8 bytes)
1729379091.200277 sending message 112 to peer 0x140008000 (8 bytes)
1729379091.200280 sending message 112 to peer 0x140008000 (13 bytes)
1729379091.200283 sending message 112 to peer 0x140008000 (7 bytes)
1729379091.200286 sending message 112 to peer 0x140008000 (7 bytes)
1729379091.200289 sending message 112 to peer 0x140008000 (9 bytes)
1729379091.200292 sending message 112 to peer 0x140008000 (9 bytes)
1729379091.200295 sending message 112 to peer 0x140008000 (15 bytes)
1729379091.200298 sending message 112 to peer 0x140008000 (13 bytes)
1729379091.200300 sending message 112 to peer 0x140008000 (12 bytes)
1729379091.200303 sending message 112 to peer 0x140008000 (8 bytes)
1729379091.200306 sending message 112 to peer 0x140008000 (14 bytes)
1729379091.200309 sending message 112 to peer 0x140008000 (11 bytes)
1729379091.200312 sending message 112 to peer 0x140008000 (9 bytes)
1729379091.200315 sending message 112 to peer 0x140008000 (10 bytes)
1729379091.200318 sending message 112 to peer 0x140008000 (10 bytes)
1729379091.200321 sending message 112 to peer 0x140008000 (10 bytes)
1729379091.200324 sending message 112 to peer 0x140008000 (10 bytes)
1729379091.200339 sending message 112 to peer 0x140008000 (11 bytes)
1729379091.200341 sending message 112 to peer 0x140008000 (12 bytes)
1729379091.200343 sending message 112 to peer 0x140008000 (12 bytes)
1729379091.200345 sending message 112 to peer 0x140008000 (12 bytes)
1729379091.200347 sending message 112 to peer 0x140008000 (12 bytes)
1729379091.200350 sending message 112 to peer 0x140008000 (12 bytes)
1729379091.200352 sending message 112 to peer 0x140008000 (11 bytes)
1729379091.200354 sending message 112 to peer 0x140008000 (11 bytes)
1729379091.200356 sending message 112 to peer 0x140008000 (12 bytes)
1729379091.200358 sending message 112 to peer 0x140008000 (12 bytes)
1729379091.200360 sending message 112 to peer 0x140008000 (12 bytes)
1729379091.200362 sending message 112 to peer 0x140008000 (12 bytes)
1729379091.200364 sending message 112 to peer 0x140008000 (12 bytes)
1729379091.200366 sending message 112 to peer 0x140008000 (9 bytes)
1729379091.200369 sending message 112 to peer 0x140008000 (12 bytes)
1729379091.200371 sending message 112 to peer 0x140008000 (13 bytes)
1729379091.200373 sending message 112 to peer 0x140008000 (13 bytes)
1729379091.200375 sending message 112 to peer 0x140008000 (13 bytes)
1729379091.200377 sending message 112 to peer 0x140008000 (13 bytes)
1729379091.200379 sending message 112 to peer 0x140008000 (13 bytes)
1729379091.200381 sending message 112 to peer 0x140008000 (8 bytes)
1729379091.200383 sending message 112 to peer 0x140008000 (11 bytes)
1729379091.200385 sending message 112 to peer 0x140008000 (11 bytes)
1729379091.200388 sending message 112 to peer 0x140008000 (11 bytes)
1729379091.200390 sending message 112 to peer 0x140008000 (12 bytes)
1729379091.200392 sending message 112 to peer 0x140008000 (12 bytes)
1729379091.200394 sending message 112 to peer 0x140008000 (12 bytes)
1729379091.200396 sending message 112 to peer 0x140008000 (12 bytes)
1729379091.200398 sending message 112 to peer 0x140008000 (13 bytes)
1729379091.200400 sending message 112 to peer 0x140008000 (13 bytes)
1729379091.200402 sending message 112 to peer 0x140008000 (13 bytes)
1729379091.200405 sending message 112 to peer 0x140008000 (8 bytes)
1729379091.200407 sending message 112 to peer 0x140008000 (13 bytes)
1729379091.200409 sending message 112 to peer 0x140008000 (13 bytes)
1729379091.200411 sending message 112 to peer 0x140008000 (13 bytes)
1729379091.200413 sending message 112 to peer 0x140008000 (13 bytes)
1729379091.200415 sending message 112 to peer 0x140008000 (13 bytes)
1729379091.200417 sending message 112 to peer 0x140008000 (12 bytes)
1729379091.200419 sending message 112 to peer 0x140008000 (12 bytes)
1729379091.200421 sending message 112 to peer 0x140008000 (12 bytes)
1729379091.200423 sending message 112 to peer 0x140008000 (12 bytes)
1729379091.200425 sending message 112 to peer 0x140008000 (13 bytes)
1729379091.200427 sending message 112 to peer 0x140008000 (8 bytes)
1729379091.200430 sending message 112 to peer 0x140008000 (13 bytes)
1729379091.200432 sending message 112 to peer 0x140008000 (13 bytes)
1729379091.200434 sending message 112 to peer 0x140008000 (13 bytes)
1729379091.200436 sending message 112 to peer 0x140008000 (13 bytes)
1729379091.200438 sending message 112 to peer 0x140008000 (13 bytes)
1729379091.200440 sending message 112 to peer 0x140008000 (13 bytes)
1729379091.200442 sending message 112 to peer 0x140008000 (13 bytes)
1729379091.200444 sending message 112 to peer 0x140008000 (12 bytes)
1729379091.200446 sending message 112 to peer 0x140008000 (12 bytes)
1729379091.200448 sending message 112 to peer 0x140008000 (12 bytes)
1729379091.200450 sending message 112 to peer 0x140008000 (8 bytes)
1729379091.200452 sending message 112 to peer 0x140008000 (12 bytes)
1729379091.200454 sending message 112 to peer 0x140008000 (13 bytes)
1729379091.200457 sending message 112 to peer 0x140008000 (13 bytes)
1729379091.200459 sending message 112 to peer 0x140008000 (13 bytes)
1729379091.200461 sending message 112 to peer 0x140008000 (13 bytes)
1729379091.200463 sending message 112 to peer 0x140008000 (13 bytes)
1729379091.200469 sending message 112 to peer 0x140008000 (13 bytes)
1729379091.200471 sending message 112 to peer 0x140008000 (13 bytes)
1729379091.200473 sending message 112 to peer 0x140008000 (13 bytes)
1729379091.200475 sending message 112 to peer 0x140008000 (12 bytes)
1729379091.200477 sending message 112 to peer 0x140008000 (10 bytes)
1729379091.200479 sending message 112 to peer 0x140008000 (12 bytes)
1729379091.200482 sending message 112 to peer 0x140008000 (12 bytes)
1729379091.200484 sending message 112 to peer 0x140008000 (12 bytes)
1729379091.200486 sending message 112 to peer 0x140008000 (13 bytes)
1729379091.200488 sending message 112 to peer 0x140008000 (13 bytes)
1729379091.200490 sending message 112 to peer 0x140008000 (13 bytes)
1729379091.200492 sending message 112 to peer 0x140008000 (13 bytes)
1729379091.200494 sending message 112 to peer 0x140008000 (13 bytes)
1729379091.200496 sending message 112 to peer 0x140008000 (13 bytes)
1729379091.200498 sending message 112 to peer 0x140008000 (13 bytes)
1729379091.200500 sending message 112 to peer 0x140008000 (10 bytes)
1729379091.200502 sending message 112 to peer 0x140008000 (13 bytes)
1729379091.200505 sending message 112 to peer 0x140008000 (12 bytes)
1729379091.200507 sending message 112 to peer 0x140008000 (12 bytes)
1729379091.200509 sending message 112 to peer 0x140008000 (12 bytes)
1729379091.200511 sending message 112 to peer 0x140008000 (10 bytes)
1729379091.200513 sending message 112 to peer 0x140008000 (10 bytes)
1729379091.200515 sending message 112 to peer 0x140008000 (10 bytes)
1729379091.200517 sending message 112 to peer 0x140008000 (12 bytes)
1729379091.200519 sending message 112 to peer 0x140008000 (13 bytes)
1729379091.200521 sending message 112 to peer 0x140008000 (13 bytes)
1729379091.200523 sending message 112 to peer 0x140008000 (13 bytes)
1729379091.200526 sending message 112 to peer 0x140008000 (13 bytes)
1729379091.200528 sending message 112 to peer 0x140008000 (13 bytes)
1729379091.200530 sending message 112 to peer 0x140008000 (10 bytes)
1729379091.200532 sending message 112 to peer 0x140008000 (11 bytes)
1729379091.200534 sending message 112 to peer 0x140008000 (12 bytes)
1729379091.200536 sending message 112 to peer 0x140008000 (12 bytes)
1729379091.200538 sending message 112 to peer 0x140008000 (12 bytes)
1729379091.200540 sending message 112 to peer 0x140008000 (12 bytes)
1729379091.200542 sending message 112 to peer 0x140008000 (12 bytes)
1729379091.200544 sending message 112 to peer 0x140008000 (11 bytes)
1729379091.200547 sending message 112 to peer 0x140008000 (12 bytes)
1729379091.200549 sending message 112 to peer 0x140008000 (12 bytes)
1729379091.200551 sending message 112 to peer 0x140008000 (13 bytes)
1729379091.200553 sending message 112 to peer 0x140008000 (13 bytes)
1729379091.200555 sending message 112 to peer 0x140008000 (13 bytes)
1729379091.200557 sending message 112 to peer 0x140008000 (13 bytes)
1729379091.200559 sending message 112 to peer 0x140008000 (13 bytes)
1729379091.200561 sending message 112 to peer 0x140008000 (10 bytes)
1729379091.200563 sending message 112 to peer 0x140008000 (9 bytes)
1729379091.200565 sending message 112 to peer 0x140008000 (12 bytes)
1729379091.200567 sending message 112 to peer 0x140008000 (13 bytes)
1729379091.200569 sending message 112 to peer 0x140008000 (13 bytes)
1729379091.200571 sending message 112 to peer 0x140008000 (13 bytes)
1729379091.200574 sending message 112 to peer 0x140008000 (13 bytes)
1729379091.200576 sending message 112 to peer 0x140008000 (13 bytes)
1729379091.200578 sending message 112 to peer 0x140008000 (9 bytes)
1729379091.200580 sending message 112 to peer 0x140008000 (12 bytes)
1729379091.200582 sending message 112 to peer 0x140008000 (13 bytes)
1729379091.200584 sending message 112 to peer 0x140008000 (13 bytes)
1729379091.200586 sending message 112 to peer 0x140008000 (13 bytes)
1729379091.200588 sending message 112 to peer 0x140008000 (13 bytes)
1729379091.200590 sending message 112 to peer 0x140008000 (13 bytes)
1729379091.200595 sending message 112 to peer 0x140008000 (11 bytes)
1729379091.200597 sending message 112 to peer 0x140008000 (12 bytes)
1729379091.200599 sending message 112 to peer 0x140008000 (13 bytes)
1729379091.200602 sending message 112 to peer 0x140008000 (13 bytes)
1729379091.200604 sending message 112 to peer 0x140008000 (13 bytes)
1729379091.200606 sending message 112 to peer 0x140008000 (13 bytes)
1729379091.200608 sending message 112 to peer 0x140008000 (13 bytes)
1729379091.200610 sending message 112 to peer 0x140008000 (11 bytes)
1729379091.200612 sending message 112 to peer 0x140008000 (12 bytes)
1729379091.200614 sending message 112 to peer 0x140008000 (12 bytes)
1729379091.200616 sending message 112 to peer 0x140008000 (12 bytes)
1729379091.200618 sending message 112 to peer 0x140008000 (12 bytes)
1729379091.200620 sending message 112 to peer 0x140008000 (12 bytes)
1729379091.200622 sending message 112 to peer 0x140008000 (21 bytes)
1729379091.200624 sending message 112 to peer 0x140008000 (12 bytes)
1729379091.200626 sending message 112 to peer 0x140008000 (9 bytes)
1729379091.200629 sending message 112 to peer 0x140008000 (6 bytes)
1729379091.200631 sending message 112 to peer 0x140008000 (13 bytes)
1729379091.200633 sending message 112 to peer 0x140008000 (10 bytes)
1729379091.200635 sending message 112 to peer 0x140008000 (24 bytes)
1729379091.200637 sending message 112 to peer 0x140008000 (13 bytes)
1729379091.200639 sending message 112 to peer 0x140008000 (9 bytes)
1729379091.200641 sending message 112 to peer 0x140008000 (70 bytes)
1729379091.200643 sending message 112 to peer 0x140008000 (69 bytes)
1729379091.200645 sending message 112 to peer 0x140008000 (12 bytes)
1729379091.200647 sending message 112 to peer 0x140008000 (10 bytes)
1729379091.200649 sending message 112 to peer 0x140008000 (10 bytes)
1729379091.200651 sending message 112 to peer 0x140008000 (24 bytes)
1729379091.200654 sending message 112 to peer 0x140008000 (13 bytes)
1729379091.200656 sending message 112 to peer 0x140008000 (10 bytes)
1729379091.200658 sending message 112 to peer 0x140008000 (10 bytes)
1729379091.200660 sending message 112 to peer 0x140008000 (10 bytes)
1729379091.200662 sending message 112 to peer 0x140008000 (13 bytes)
1729379091.200664 sending message 112 to peer 0x140008000 (15 bytes)
1729379091.200666 sending message 112 to peer 0x140008000 (5 bytes)
1729379091.200669 sending message 104 to peer 0x140008000 (0 bytes)
1729379091.200671 sending message 110 to peer 0x140008000 (0 bytes)
1729379091.200674 sending message 107 to peer 0x140008000 (4 bytes)
1729379091.200676 sending message 105 to peer 0x140008000 (83 bytes)
1729379091.200678 sending message 105 to peer 0x140008000 (87 bytes)
1729379091.200680 sending message 105 to peer 0x140008000 (31 bytes)
1729379091.200682 sending message 105 to peer 0x140008000 (20 bytes)
1729379091.200684 sending message 105 to peer 0x140008000 (22 bytes)
1729379091.200686 sending message 105 to peer 0x140008000 (18 bytes)
1729379091.200688 sending message 105 to peer 0x140008000 (37 bytes)
1729379091.200690 sending message 105 to peer 0x140008000 (30 bytes)
1729379091.200692 sending message 105 to peer 0x140008000 (34 bytes)
1729379091.200695 sending message 105 to peer 0x140008000 (60 bytes)
1729379091.200697 sending message 105 to peer 0x140008000 (15 bytes)
1729379091.200699 sending message 105 to peer 0x140008000 (14 bytes)
1729379091.200701 sending message 105 to peer 0x140008000 (88 bytes)
1729379091.200703 sending message 105 to peer 0x140008000 (28 bytes)
1729379091.200705 sending message 105 to peer 0x140008000 (755 bytes)
1729379091.200708 sending message 105 to peer 0x140008000 (30 bytes)
1729379091.200710 sending message 105 to peer 0x140008000 (15 bytes)
1729379091.200712 sending message 105 to peer 0x140008000 (8 bytes)
1729379091.200714 sending message 105 to peer 0x140008000 (66 bytes)
1729379091.200717 sending message 105 to peer 0x140008000 (20 bytes)
1729379091.200719 sending message 105 to peer 0x140008000 (18 bytes)
1729379091.200725 sending message 105 to peer 0x140008000 (25 bytes)
1729379091.200727 sending message 105 to peer 0x140008000 (57 bytes)
1729379091.200729 sending message 105 to peer 0x140008000 (43 bytes)
1729379091.200731 sending message 105 to peer 0x140008000 (14 bytes)
1729379091.200733 sending message 105 to peer 0x140008000 (53 bytes)
1729379091.200735 sending message 105 to peer 0x140008000 (11 bytes)
1729379091.200738 sending message 105 to peer 0x140008000 (20 bytes)
1729379091.200740 sending message 105 to peer 0x140008000 (14 bytes)
1729379091.200742 sending message 105 to peer 0x140008000 (19 bytes)
1729379091.200744 sending message 105 to peer 0x140008000 (35 bytes)
1729379091.200746 sending message 105 to peer 0x140008000 (32 bytes)
1729379091.200748 sending message 105 to peer 0x140008000 (70 bytes)
1729379091.200750 sending message 105 to peer 0x140008000 (25 bytes)
1729379091.200752 sending message 106 to peer 0x140008000 (0 bytes)
1729379091.200797 sending message 200 to peer 0x140008000 (4 bytes)
1729379091.200801 client loop enter
1729379091.200943 peer 0x140008000 message 303
1729379091.200949 open write file 2 -
1729379091.200963 sending message 305 to peer 0x140008000 (8 bytes)
1729379091.200972 write check file 2
1729379091.201012 peer 0x140008000 message 304
1729379091.201030 write 58 to file 2
1729379091.201041 peer 0x140008000 message 203
1729379091.201046 file 2 58 bytes left
1729379091.201057 write check file 2
1729379091.201060 client loop exit
